crashpad_dependencies = "chromium"
disable_brotli_filter = false
disable_file_support = true
disable_ftp_support = true
enable_reporting = true
enable_websockets = false
ignore_elf32_limitations = true
include_transport_security_state_preload_list = false
is_component_build = false
is_debug = false
rtc_include_ilbc = false
target_cpu = "x86"
target_os = "android"
use_crash_key_stubs = true
use_errorprone_java_compiler = true
use_hashed_jni_names = true
use_partition_alloc = false
use_platform_icu_alternatives = true
v8_check_microtasks_scopes_consistency = false
v8_enable_gdbjit = false
v8_imminent_deprecation_warnings = false
