crashpad_dependencies = "chromium"
disable_brotli_filter = false
disable_file_support = true
disable_ftp_support = true
enable_dsyms = true
enable_remoting = false
enable_websockets = false
ignore_elf32_limitations = true
include_transport_security_state_preload_list = false
ios_app_bundle_id_prefix = "org.chromium"
ios_deployment_target = "10.0"
is_component_build = false
is_cronet_build = true
is_debug = false
rtc_include_ilbc = false
target_cpu = "arm64"
target_os = "ios"
use_crash_key_stubs = true
use_partition_alloc = false
use_platform_icu_alternatives = true
use_xcode_clang = false
