action_pool_depth = -1
allow_critical_memory_pressure_handling_in_foreground = false
alternate_cdm_storage_id_key = ""
android_channel = "default"
android_full_debug = false
angle_64bit_current_cpu = true
angle_build_all = false
angle_build_capture_replay_tests = false
angle_capture_replay_composite_file_id = 1
angle_capture_replay_test_trace_dir = "traces"
angle_delegate_workers = true
angle_enable_commit_id = true
angle_enable_custom_vulkan_cmd_buffers = true
angle_enable_d3d11 = false
angle_enable_d3d9 = false
angle_enable_essl = true
angle_enable_gl = true
angle_enable_gl_null = true
angle_enable_glsl = true
angle_enable_hlsl = false
angle_enable_metal = true
angle_enable_null = true
angle_enable_overlay = false
angle_enable_swiftshader = true
angle_enable_trace = false
angle_enable_vulkan = true
angle_enable_vulkan_gpu_trace_events = false
angle_enable_vulkan_validation_layers = false
angle_extract_native_libs = false
angle_is_winuwp = false
angle_libs_suffix = ""
angle_link_glx = false
angle_shared_libvulkan = false
angle_with_capture_by_default = false
apm_debug_dump = false
archive_seed_corpus = true
asan_globals = false
asan_use_blacklist = true
auto_profile_path = ""
blink_animation_use_time_delta = false
blink_gc_plugin = true
blink_gc_plugin_option_do_dump_graph = false
blink_gc_plugin_option_warn_unneeded_finalizer = false
blink_symbol_level = -1
branding_file_path = "//chrome/app/theme/chromium/BRANDING"
branding_path_component = "chromium"
build_angle_deqp_tests = false
build_angle_gles1_conform_tests = false
build_angle_trace_perf_tests = false
build_contextual_search = false
build_dawn_tests = true
build_display_configuration = false
build_libsrtp_tests = false
build_with_mozilla = false
build_with_tflite_lib = false
builtin_cert_verifier_feature_supported = true
builtin_cert_verifier_policy_supported = true
bundle_pool_depth = -1
cast_is_debug = false
cc_wrapper = ""
chrome_pgo_phase = 0
chromecast_branding = "public"
chromeos_afdo_platform = "silvermont"
chromeos_is_browser_only = false
clang_base_path = "//third_party/llvm-build/Release+Asserts"
clang_diagnostic_dir = "../../tools/clang/crashreports"
clang_emit_debug_info_for_profiling = false
clang_sample_profile_path = ""
clang_use_chrome_plugins = true
clang_use_default_sample_profile = false
clang_version = "12.0.0"
com_init_check_hook_disabled = false
compiler_timing = false
compute_build_timestamp = "compute_build_timestamp.py"
compute_inputs_for_analyze = false
concurrent_links = -1
content_shell_major_version = "999"
content_shell_product_name = "Content Shell"
content_shell_version = "999.77.34.5"
coverage_instrumentation_input_file = ""
cppgc_enable_caged_heap = true
cppgc_enable_object_names = false
cppgc_enable_young_generation = false
crashpad_dependencies = "chromium"
crashpad_use_boringssl_for_http_transport_socket = false
cros_board = ""
cros_sdk_version = ""
current_cpu = ""
current_os = ""
custom_toolchain = ""
dawn_always_assert = false
dawn_complete_static_libs = false
dawn_enable_cross_reflection = false
dawn_enable_d3d12 = false
dawn_enable_error_injection = false
dawn_enable_metal = true
dawn_enable_null = true
dawn_enable_opengl = false
dawn_enable_vulkan = false
dawn_enable_vulkan_loader = false
dawn_enable_vulkan_validation_layers = false
dawn_enable_wgsl = true
dawn_use_swiftshader = false
dawn_use_x11 = false
dcheck_always_on = false
dcheck_is_configurable = false
disable_brotli_filter = false
disable_file_support = false
disable_ftp_support = false
disable_histogram_support = true
disable_libfuzzer = false
enable_additional_blink_object_names = false
enable_arcore = false
enable_assistant_integration_tests = false
enable_autofill_assistant_api = false
enable_av1_decoder = true
enable_background_contents = true
enable_background_mode = true
enable_base_tracing = true
enable_basic_print_dialog = true
enable_basic_printing = true
enable_blink_bindings_tracing = false
enable_blink_heap_verification = false
enable_blink_heap_young_generation = false
enable_call_graph_profile_sort = false
enable_callgrind = false
enable_captive_portal_detection = true
enable_cast_renderer = false
enable_cdm_host_verification = false
enable_cdm_storage_id = false
enable_click_to_call = true
enable_cros_libassistant = false
enable_cros_media_app = false
enable_cros_on_device_assistant = false
enable_cross_trusted = false
enable_dav1d_decoder = true
enable_debugallocation = false
enable_discovery = false
enable_downgrade_processing = true
enable_downstream_media_tests = false
enable_dsyms = false
enable_extensions = true
enable_fake_assistant_microphone = false
enable_feed_in_chrome = false
enable_feed_v2 = false
enable_ffmpeg_video_decoders = true
enable_full_stack_frames_for_profiling = false
enable_google_benchmarks = false
enable_gpu_client_logging = false
enable_gpu_service_logging = false
enable_gvr_services = false
enable_gwp_asan = true
enable_gwp_asan_malloc = true
enable_gwp_asan_partitionalloc = true
enable_hangout_services_extension = false
enable_hls_sample_aes = false
enable_ipc_fuzzer = true
enable_ipc_logging = false
enable_iterator_debugging = false
enable_js_type_check = false
enable_kaleidoscope = false
enable_keystone_registration_framework = true
enable_kythe_annotations = false
enable_libaom = false
enable_libaom_decoder = false
enable_libgav1_decoder = false
enable_linux_installer = false
enable_location_source = true
enable_log_error_not_reached = false
enable_logging_override = false
enable_mdns = true
enable_media_drm_storage = false
enable_media_remoting = true
enable_media_remoting_rpc = true
enable_media_router_jscompile = false
enable_message_center = true
enable_modular_updater = false
enable_mojo_tracing = false
enable_mojom_closure_compile = false
enable_mojom_fuzzer = false
enable_mojom_message_id_scrambling = true
enable_mojom_typemapping = true
enable_mse_mpeg2ts_stream_parser = false
enable_mutex_priority_inheritance = false
enable_nacl = true
enable_nacl_nonsfi = true
enable_native_notifications = true
enable_nocompile_tests = true
enable_oculus_vr = false
enable_offline_pages = false
enable_offline_pages_harness = false
enable_one_click_signin = true
enable_openscreen = true
enable_openvr = false
enable_openxr = false
enable_paint_preview = true
enable_pdf = true
enable_perfetto_benchmarks = false
enable_perfetto_fuzzers = false
enable_perfetto_heapprofd = false
enable_perfetto_integration_tests = false
enable_perfetto_ipc = true
enable_perfetto_platform_services = false
enable_perfetto_stderr_crash_dump = false
enable_perfetto_tools = false
enable_perfetto_tools_trace_to_text = false
enable_perfetto_trace_processor = true
enable_perfetto_trace_processor_httpd = false
enable_perfetto_trace_processor_json = true
enable_perfetto_trace_processor_linenoise = false
enable_perfetto_trace_processor_percentile = false
enable_perfetto_trace_processor_sqlite = true
enable_perfetto_traced_perf = false
enable_perfetto_ui = false
enable_perfetto_unittests = true
enable_perfetto_version_gen = false
enable_perfetto_watchdog = false
enable_perfetto_zlib = true
enable_platform_ac3_eac3_audio = false
enable_platform_dolby_vision = false
enable_platform_hevc = false
enable_platform_mpeg_h_audio = false
enable_plugins = true
enable_precompiled_headers = true
enable_print_media_l10n = true
enable_print_preview = true
enable_profiling = false
enable_qr_print = false
enable_random_mojo_delays = false
enable_reading_list = true
enable_remoting = true
enable_reporting = true
enable_resource_whitelist_generation = false
enable_runtime_media_renderer_selection = false
enable_segment_heap = false
enable_service_discovery = true
enable_session_service = true
enable_skia_dawn_gtests = false
enable_skia_wuffs_gif = false
enable_soda = false
enable_stripping = false
enable_supervised_users = false
enable_swiftshader = true
enable_swiftshader_vulkan = true
enable_tab_search = false
enable_tagged_pdf = true
enable_trace_logging = false
enable_typescript_bindings = false
enable_vr = false
enable_vulkan = false
enable_wayland_server = false
enable_websockets = true
enable_webui_tab_strip = false
enable_widevine = false
enable_widevine_cdm_host_verification = false
enable_wifi_display = false
enable_windows_mr = false
enable_wmax_tokens = false
exclude_unwind_tables = false
fatal_linker_warnings = true
ffmpeg_branding = "Chromium"
ffmpeg_use_atomics_fallback = false
fieldtrial_testing_like_official_build = false
forbid_non_component_debug_builds = true
force_build_standalone_receiver = false
from_here_uses_location_builtins = true
gcc_target_rpath = ""
generate_linker_map = false
generate_order_files = false
gold_path = ""
goma_dir = ""
google_api_key = ""
google_default_client_id = ""
google_default_client_secret = ""
gtest_enable_absl_printers = true
gtk_version = 3
has_native_accessibility = true
headless_fontconfig_utils = false
headless_use_embedded_resources = false
host_byteorder = "undefined"
host_cpu = "x64"
host_os = "mac"
host_pkg_config = ""
host_toolchain = ""
icu_disable_thin_archive = false
icu_use_data_file = true
ignore_elf32_limitations = false
include_transport_security_state_preload_list = true
include_vr_data = false
init_stack_vars = true
internal_gles2_conform_tests = false
internal_khronos_glcts_tests = false
invert_fieldtrials = false
ios_deployment_target = "12.0"
ios_use_goma_rbe = false
is_asan = false
is_cast_audio_only = false
is_cast_desktop_build = false
is_cfi = false
is_cfm = false
is_chrome_branded = false
is_chromecast = false
is_chromeos_device = false
is_clang = true
is_component_build = false
is_component_ffmpeg = false
is_ct_supported = true
is_debug = false
is_desktop_linux = false
is_ggp = false
is_hwasan = false
is_lsan = false
is_msan = false
is_nacl_glibc = false
is_official_build = false
is_perfetto_build_generator = false
is_perfetto_embedder = false
is_tsan = false
is_ubsan = false
is_ubsan_no_recover = false
is_ubsan_null = false
is_ubsan_security = false
is_ubsan_vptr = false
is_unsafe_developer_build = true
is_win_arm64 = false
ldso_path = ""
libcxx_abi_unstable = true
libcxx_is_shared = false
libcxx_natvis_include = true
libcxx_svn_revision = "375504"
libyuv_disable_jpeg = false
libyuv_include_tests = false
libyuv_symbols_visible = false
libyuv_use_gflags = true
libyuv_use_mmi = false
libyuv_use_msa = false
libyuv_use_neon = false
link_pulseaudio = false
llvm_force_head_revision = false
mac_allow_system_xcode_for_official_builds_for_testing = false
mac_deployment_target = "10.10.0"
mac_deterministic_build = false
mac_min_system_version = "10.10.0"
mac_sdk_min = "10.15"
mac_sdk_name = "macosx"
mac_sdk_official_version = "10.15"
mac_sdk_path = ""
max_jobs_per_link = 8
media_use_ffmpeg = true
media_use_libvpx = true
mips_use_mmi = false
mojo_media_host = "gpu"
mojo_media_services = ["video_decoder", "cdm"]
mojom_message_id_salt_path = "//chrome/VERSION"
mojom_message_id_salt_suffix_path = ""
monolithic_binaries = false
msan_track_origins = 2
nacl_sdk_untrusted = false
ndk_api_level_at_least_26 = false
needs_gomacc_path_arg = false
optimize_for_fuzzing = false
optimize_webui = true
ozone_auto_platforms = false
ozone_extra_path = "//ui/ozone/ozone_extra.gni"
ozone_platform = ""
ozone_platform_cast = false
ozone_platform_gbm = false
ozone_platform_headless = false
ozone_platform_scenic = false
ozone_platform_wayland = false
ozone_platform_windows = false
ozone_platform_x11 = false
pdf_bundle_freetype = false
pdf_enable_click_logging = false
pdf_enable_v8 = true
pdf_enable_xfa = false
pdf_enable_xfa_bmp = true
pdf_enable_xfa_gif = true
pdf_enable_xfa_png = true
pdf_enable_xfa_tiff = true
pdf_is_complete_lib = false
pdf_is_standalone = false
pdf_use_skia = false
pdf_use_skia_paths = false
pdf_use_win32_gdi = true
perfetto_build_with_android = false
perfetto_force_dlog = "off"
perfetto_use_system_protobuf = false
perfetto_verbose_logs_enabled = false
pgo_build = false
pgo_data_path = ""
pkg_config = ""
proprietary_codecs = false
root_extra_deps = []
rtc_audio_device_plays_sinus_tone = false
rtc_build_examples = true
rtc_build_json = true
rtc_build_libevent = false
rtc_build_libsrtp = true
rtc_build_libvpx = true
rtc_build_opus = true
rtc_build_ssl = true
rtc_build_tools = true
rtc_build_usrsctp = true
rtc_build_with_neon = false
rtc_builtin_ssl_root_certificates = true
rtc_disable_check_msg = false
rtc_disable_logging = false
rtc_disable_metrics = false
rtc_disable_trace_events = false
rtc_enable_android_aaudio = false
rtc_enable_avx2 = false
rtc_enable_bwe_test_logging = false
rtc_enable_external_auth = true
rtc_enable_libevent = false
rtc_enable_protobuf = true
rtc_enable_sctp = true
rtc_enable_symbol_export = false
rtc_exclude_audio_processing_module = false
rtc_exclude_field_trial_default = true
rtc_exclude_metrics_default = true
rtc_exclude_transient_suppressor = false
rtc_include_builtin_audio_codecs = true
rtc_include_builtin_video_codecs = true
rtc_include_ilbc = false
rtc_include_internal_audio_device = false
rtc_include_opus = true
rtc_include_pulse_audio = false
rtc_include_tests = false
rtc_jsoncpp_root = "//third_party/jsoncpp/source/include"
rtc_libvpx_build_vp9 = true
rtc_link_pipewire = false
rtc_opus_support_120ms_ptime = true
rtc_opus_variable_complexity = false
rtc_prefer_fixed_point = false
rtc_sanitize_coverage = ""
rtc_ssl_root = ""
rtc_use_absl_mutex = false
rtc_use_dummy_audio_file_devices = false
rtc_use_gtk = false
rtc_use_h264 = false
rtc_use_metal_rendering = true
rtc_use_pipewire = false
rtc_use_x11 = false
rtc_use_x11_extensions = false
rtc_win_undef_unicode = false
runtime_call_stats_count_everything = false
safe_browsing_mode = 1
sample_profile_is_accurate = false
sanitizer_coverage_flags = ""
seed_corpus_dir = "//out/stable86_Release_Single_Cronet/gen/components/viz/service/compositor_frame_fuzzer/binary_seed_corpus"
shaderc_enable_spvc_parser = false
shaderc_spvc_disable_context_logging = false
shaderc_spvc_enable_direct_logging = false
skia_use_dawn = false
skia_use_gl = true
skip_buildtools_check = false
strip_debug_info = false
subpixel_font_rendering_disabled = false
support_webgl2_compute_context = true
supports_llvm = true
swiftshader_optimized_debug_build = true
symbol_level = -1
sync_user_agent_product = "Chrome"
sysroot = ""
system_libdir = "lib"
target_cpu = ""
target_os = ""
target_rpath = ""
target_sysroot = ""
target_sysroot_dir = "//build/linux"
thin_lto_enable_optimizations = false
tint_build_hlsl_writer = true
tint_build_msl_writer = true
toolkit_views = true
tpm_fallback = false
treat_warnings_as_errors = true
trial_comparison_cert_verifier_supported = true
use_afl = false
use_allocator = "none"
use_allocator_shim = true
use_alsa = false
use_aura = false
use_blink_v8_binding_new_idl_dictionary = false
use_blink_v8_binding_new_idl_interface = true
use_cfi_cast = false
use_cfi_diag = false
use_cfi_icall = false
use_cfi_recover = false
use_clang_coverage = false
use_clang_profiling = false
use_clang_profiling_inside_sandbox = false
use_cras = false
use_crash_key_stubs = false
use_cups = true
use_cups_ipp = true
use_custom_libcxx = true
use_custom_libcxx_for_host = false
use_cxx11 = false
use_cxx11_on_android = false
use_dawn = false
use_dbus = false
use_debug_fission = "default"
use_dummy_lastchange = false
use_egl = true
use_external_fuzzing_engine = false
use_external_popup_menu = true
use_gcm_from_platform = false
use_ghash = true
use_gio = false
use_glib = false
use_gnome_keyring = false
use_gold = false
use_goma = false
use_goma_thin_lto = false
use_gtk = false
use_icf = false
use_internal_isolated_origins = false
use_jacoco_coverage = false
use_java_goma = false
use_kerberos = true
use_libfuzzer = false
use_libjpeg_turbo = true
use_libpci = false
use_lld = false
use_locally_built_instrumented_libraries = false
use_low_quality_image_interpolation = false
use_mpris = false
use_official_google_api_keys = ""
use_openh264 = false
use_ozone = false
use_pangocairo = false
use_partition_alloc = true
use_perfetto_client_library = false
use_platform_icu_alternatives = false
use_pulseaudio = false
use_real_dbus_clients = false
use_rtti = false
use_sanitizer_configs_without_instrumentation = false
use_sanitizer_coverage = false
use_static_angle = false
use_swiftshader_with_subzero = true
use_sysroot = true
use_system_freetype = false
use_system_harfbuzz = false
use_system_lcms2 = false
use_system_libjpeg = false
use_system_libopenjpeg2 = false
use_system_libpng = false
use_system_xcode = ""
use_system_zlib = false
use_tcmalloc_small_but_slow = false
use_text_section_splitting = false
use_thin_lto = false
use_udev = false
use_unofficial_version_number = true
use_v4l2_codec = false
use_v4l2_codec_aml = false
use_v4lplugin = false
use_v8_context_snapshot = true
use_vaapi = false
use_viz_devtools = true
use_webaudio_ffmpeg = false
use_webaudio_pffft = false
use_xcode_clang = false
use_xkbcommon = false
using_mismatched_sample_profile = false
v8_android_log_stdout = false
v8_builtins_profiling_log_file = ""
v8_can_use_fpu_instructions = true
v8_check_header_includes = false
v8_check_microtasks_scopes_consistency = false
v8_code_coverage = false
v8_control_flow_integrity = false
v8_correctness_fuzzer = false
v8_current_cpu = "x64"
v8_custom_deps = ""
v8_deprecation_warnings = true
v8_disable_write_barriers = false
v8_embed_script = ""
v8_embedder_string = ""
v8_enable_31bit_smis_on_64bit_arch = false
v8_enable_backtrace = ""
v8_enable_builtins_profiling = false
v8_enable_builtins_profiling_verbose = false
v8_enable_concurrent_marking = true
v8_enable_debugging_features = false
v8_enable_disassembler = ""
v8_enable_fast_mksnapshot = false
v8_enable_fast_torque = ""
v8_enable_future = false
v8_enable_gdbjit = false
v8_enable_google_benchmark = false
v8_enable_handle_zapping = false
v8_enable_heap_sandbox = ""
v8_enable_i18n_support = true
v8_enable_lazy_source_positions = true
v8_enable_lite_mode = false
v8_enable_minor_mc = true
v8_enable_object_print = ""
v8_enable_pointer_compression = ""
v8_enable_precise_zone_stats = false
v8_enable_raw_heap_snapshots = false
v8_enable_regexp_interpreter_threaded_dispatch = true
v8_enable_reverse_jsargs = false
v8_enable_shared_ro_heap = ""
v8_enable_single_generation = ""
v8_enable_slow_dchecks = false
v8_enable_snapshot_code_comments = false
v8_enable_snapshot_compression = true
v8_enable_snapshot_native_code_counters = ""
v8_enable_test_features = ""
v8_enable_third_party_heap = false
v8_enable_trace_feedback_updates = false
v8_enable_trace_ignition = false
v8_enable_trace_maps = ""
v8_enable_unconditional_write_barriers = false
v8_enable_v8_checks = ""
v8_enable_verify_csa = false
v8_enable_verify_heap = ""
v8_enable_verify_predictable = false
v8_enable_vtunejit = false
v8_enable_vtunetracemark = false
v8_enable_wasm_gdb_remote_debugging = false
v8_enable_zone_compression = ""
v8_expose_symbols = false
v8_fuzzilli = false
v8_gcmole = false
v8_has_valgrind = false
v8_imminent_deprecation_warnings = false
v8_monolithic = false
v8_multi_arch_build = false
v8_no_inline = false
v8_optimized_debug = true
v8_os_page_size = "0"
v8_postmortem_support = false
v8_promise_internal_field_count = 0
v8_snapshot_toolchain = ""
v8_static_library = false
v8_symbol_level = 2
v8_target_cpu = ""
v8_third_party_heap_files = []
v8_third_party_heap_libs = []
v8_typed_array_max_size_in_heap = 64
v8_untrusted_code_mitigations = false
v8_use_external_startup_data = ""
v8_use_mips_abi_hardfloat = true
v8_use_multi_snapshots = false
v8_use_perfetto = false
v8_use_siphash = false
v8_verify_torque_generation_invariance = false
v8_win64_unwinding_info = true
win_console_app = false
x64_arch = ""
